<?xml version="1.0" encoding="UTF-8"?>
<!-- Generated by org.testng.reporters.JUnitReportReporter -->
<testsuite hostname="TYSS-Rakesh-B" failures="0" tests="1" name="DataBaseTestingScripts.DataBaseTestCase01" time="2.372" errors="0" timestamp="2024-02-08T12:35:46 IST" skipped="0">
  <testcase classname="DataBaseTestingScripts.DataBaseTestCase01" name="dataBaseTestCase01" time="2.372"/>
  <system-out/>
</testsuite> <!-- DataBaseTestingScripts.DataBaseTestCase01 -->
